2017-03-08 19:51:05,539 INFO Main start
2017-03-08 19:52:06,240 INFO Main start
2017-03-08 19:52:43,042 INFO Main start
2017-03-08 19:55:43,141 INFO Main start
2017-03-08 19:57:09,829 INFO Main start
2017-03-08 19:57:09,829 INFO Bonjour : Mlle. Eleanor
2017-03-08 19:57:09,845 INFO Bonjour : Mlle. Anna Karenina
2017-03-08 19:57:09,845 INFO Bonjour : Mlle. Francesca
2017-03-08 19:57:09,845 INFO Bonjour : Mme. Leela
2017-03-08 19:57:09,845 INFO Bonjour : Mme. Amy Wong
2017-03-08 19:57:09,861 INFO Bonjour : Mme. Mom
2017-03-08 19:57:09,861 INFO Bonjour : Mme. LaBarbara Conrad
2017-03-08 19:57:09,861 INFO Bonjour : M. Fry
2017-03-08 19:57:09,877 INFO Bonjour : M. Bender
2017-03-08 19:57:09,877 INFO Bonjour : M. Hermes Conrad
2017-03-08 19:57:09,877 INFO Bonjour : M. Hubert J. Farnsworth
2017-03-08 19:57:09,892 INFO Bonjour : M. John A. Zoidberg
2017-03-08 19:57:09,892 INFO Bonjour : M. Richard Nixon's head
2017-03-08 19:57:09,892 INFO Bonjour : M. Zapp Brannigan
2017-03-08 19:57:09,892 INFO Bonjour : M. Kif Kroker
2017-03-08 19:57:09,907 INFO Bonjour : M. Nibbler
2017-03-08 19:57:09,907 INFO Bonjour : M. Scruffy
2017-03-08 19:57:09,907 INFO Bonjour : M. Leo Wong
2017-03-08 19:57:09,924 INFO Bonjour : M. Lrrr
2017-03-08 19:57:09,924 INFO Bonjour : M. Cubert Farnsworth
2017-03-08 19:57:09,924 INFO Bonjour : M. Dwight Conrad
2017-03-08 19:57:09,924 INFO Main stop
2017-03-08 19:59:13,332 INFO Main start
2017-03-08 19:59:13,332 INFO Bonjour : Mlle. Eleanor
2017-03-08 19:59:13,348 INFO Bonjour : Mlle. Anna Karenina
2017-03-08 19:59:13,348 INFO Bonjour : Mlle. Francesca
2017-03-08 19:59:13,348 INFO Bonjour : Mme. Leela
2017-03-08 19:59:13,364 INFO Bonjour : Mme. Amy Wong
2017-03-08 19:59:13,364 INFO Bonjour : Mme. Mom
2017-03-08 19:59:13,364 INFO Bonjour : Mme. LaBarbara Conrad
2017-03-08 19:59:13,380 INFO Bonjour : M. Fry
2017-03-08 19:59:13,380 INFO Bonjour : M. Bender
2017-03-08 19:59:13,380 INFO Bonjour : M. Hermes Conrad
2017-03-08 19:59:13,395 INFO Bonjour : M. Hubert J. Farnsworth
2017-03-08 19:59:13,395 INFO Bonjour : M. John A. Zoidberg
2017-03-08 19:59:13,395 INFO Bonjour : M. Richard Nixon's head
2017-03-08 19:59:13,411 INFO Bonjour : M. Zapp Brannigan
2017-03-08 19:59:13,411 INFO Bonjour : M. Kif Kroker
2017-03-08 19:59:13,411 INFO Bonjour : M. Nibbler
2017-03-08 19:59:13,427 INFO Bonjour : M. Scruffy
2017-03-08 19:59:13,427 INFO Bonjour : M. Leo Wong
2017-03-08 19:59:13,427 INFO Bonjour : M. Lrrr
2017-03-08 19:59:13,443 INFO Bonjour : M. Cubert Farnsworth
2017-03-08 19:59:13,443 INFO Bonjour : M. Dwight Conrad
2017-03-08 19:59:13,443 INFO Main stop
2017-03-08 20:00:13,427 INFO Main start
2017-03-08 20:00:13,427 INFO Bonjour : Mlle. Eleanor
2017-03-08 20:00:13,427 INFO Bonjour : Mlle. Anna Karenina
2017-03-08 20:00:13,427 INFO Bonjour : Mlle. Francesca
2017-03-08 20:00:13,441 INFO Bonjour : Mme. Leela
2017-03-08 20:00:13,441 INFO Bonjour : Mme. Amy Wong
2017-03-08 20:00:13,441 INFO Bonjour : Mme. Mom
2017-03-08 20:00:13,441 INFO Bonjour : Mme. LaBarbara Conrad
2017-03-08 20:00:13,441 INFO Bonjour : M. Fry
2017-03-08 20:00:13,441 INFO Bonjour : M. Bender
2017-03-08 20:00:13,441 INFO Bonjour : M. Hermes Conrad
2017-03-08 20:00:13,441 INFO Bonjour : M. Hubert J. Farnsworth
2017-03-08 20:00:13,441 INFO Bonjour : M. John A. Zoidberg
2017-03-08 20:00:13,457 INFO Bonjour : M. Richard Nixon's head
2017-03-08 20:00:13,457 INFO Bonjour : M. Zapp Brannigan
2017-03-08 20:00:13,457 INFO Bonjour : M. Kif Kroker
2017-03-08 20:00:13,457 INFO Bonjour : M. Nibbler
2017-03-08 20:00:13,457 INFO Bonjour : M. Scruffy
2017-03-08 20:00:13,457 INFO Bonjour : M. Leo Wong
2017-03-08 20:00:13,457 INFO Bonjour : M. Lrrr
2017-03-08 20:00:13,457 INFO Bonjour : M. Cubert Farnsworth
2017-03-08 20:00:13,457 INFO Bonjour : M. Dwight Conrad
2017-03-08 20:00:13,457 INFO Main stop
